<?xml version="1.0" encoding="UTF-8"?>
<testsuite xmlns:xsi="http://www.w3.org/2001/XMLSchema-instance" xsi:noNamespaceSchemaLocation="https://maven.apache.org/surefire/maven-surefire-plugin/xsd/surefire-test-report.xsd" name="com.everon.carchargingsession.controller.CarChargingControllerTest" time="2.78" tests="4" errors="0" skipped="0" failures="0">
  <properties>
[...]
</properties>
  <testcase name="testRetrieveSummaryChargingSession" classname="com.everon.carchargingsession.controller.CarChargingControllerTest" time="0.145"/>
  <testcase name="testSubmitNewChargingSession" classname="com.everon.carchargingsession.controller.CarChargingControllerTest" time="0.042"/>
  <testcase name="testStopChargingSession" classname="com.everon.carchargingsession.controller.CarChargingControllerTest" time="0.011"/>
  <testcase name="testRetrieveAllChargingSession" classname="com.everon.carchargingsession.controller.CarChargingControllerTest" time="0.012"/>
</testsuite>